<?xml version="1.0" encoding="UTF-8"?>
<testsuite name="TestSuite" time="5.951" tests="32" errors="0" skipped="30" failures="2">
  <properties>
[...]
</properties>
  <testcase name="launchapp" classname="SeleniumIntegration.MavenDemo.DoTwitterPost" time="5.951">
    <failure message="Could not start a new session. Possible causes are invalid address of the remote server or browser start-up failure.&#10;Build info: version: &apos;2.45.0&apos;, revision: &apos;5017cb8e7ca8e37638dc3091b2440b90a1d8686f&apos;, time: &apos;2015-02-27 09:10:26&apos;&#10;System info: host: &apos;amit-PC&apos;, ip: &apos;192.168.0.3&apos;, os.name: &apos;Windows 7&apos;, os.arch: &apos;x86&apos;, os.version: &apos;6.1&apos;, java.version: &apos;1.8.0_45&apos;&#10;Driver info: driver.version: RemoteWebDriver" type="org.openqa.selenium.remote.UnreachableBrowserException"><![CDATA[org.openqa.selenium.remote.UnreachableBrowserException: Could not start a new session. Possible causes are invalid address of the remote server or browser start-up failure.
Build info: version: '2.45.0', revision: '5017cb8e7ca8e37638dc3091b2440b90a1d8686f', time: '2015-02-27 09:10:26'
System info: host: 'amit-PC', ip: '192.168.0.3', os.name: 'Windows 7', os.arch: 'x86', os.version: '6.1', java.version: '1.8.0_45'
Driver info: driver.version: RemoteWebDriver
	at java.net.DualStackPlainSocketImpl.waitForConnect(Native Method)
	at java.net.DualStackPlainSocketImpl.socketConnect(DualStackPlainSocketImpl.java:85)
	at java.net.AbstractPlainSocketImpl.doConnect(AbstractPlainSocketImpl.java:345)
	at java.net.AbstractPlainSocketImpl.connectToAddress(AbstractPlainSocketImpl.java:206)
	at java.net.AbstractPlainSocketImpl.connect(AbstractPlainSocketImpl.java:188)
	at java.net.PlainSocketImpl.connect(PlainSocketImpl.java:172)
	at java.net.SocksSocketImpl.connect(SocksSocketImpl.java:392)
	at java.net.Socket.connect(Socket.java:589)
	at org.apache.http.conn.socket.PlainConnectionSocketFactory.connectSocket(PlainConnectionSocketFactory.java:72)
	at org.apache.http.impl.conn.HttpClientConnectionOperator.connect(HttpClientConnectionOperator.java:125)
	at org.apache.http.impl.conn.PoolingHttpClientConnectionManager.connect(PoolingHttpClientConnectionManager.java:319)
	at org.apache.http.impl.execchain.MainClientExec.establishRoute(MainClientExec.java:363)
	at org.apache.http.impl.execchain.MainClientExec.execute(MainClientExec.java:219)
	at org.apache.http.impl.execchain.ProtocolExec.execute(ProtocolExec.java:195)
	at org.apache.http.impl.execchain.RetryExec.execute(RetryExec.java:86)
	at org.apache.http.impl.execchain.RedirectExec.execute(RedirectExec.java:108)
	at org.apache.http.impl.client.InternalHttpClient.doExecute(InternalHttpClient.java:184)
	at org.apache.http.impl.client.CloseableHttpClient.execute(CloseableHttpClient.java:72)
	at org.apache.http.impl.client.CloseableHttpClient.execute(CloseableHttpClient.java:57)
	at org.openqa.selenium.remote.internal.ApacheHttpClient.fallBackExecute(ApacheHttpClient.java:126)
	at org.openqa.selenium.remote.internal.ApacheHttpClient.execute(ApacheHttpClient.java:72)
	at org.openqa.selenium.remote.HttpCommandExecutor.execute(HttpCommandExecutor.java:133)
	at org.openqa.selenium.remote.RemoteWebDriver.execute(RemoteWebDriver.java:572)
	at org.openqa.selenium.remote.RemoteWebDriver.startSession(RemoteWebDriver.java:240)
	at org.openqa.selenium.remote.RemoteWebDriver.<init>(RemoteWebDriver.java:126)
	at org.openqa.selenium.remote.RemoteWebDriver.<init>(RemoteWebDriver.java:153)
	at SeleniumIntegration.MavenDemo.DoTwitterPost.launchapp(DoTwitterPost.java:84)
]]></failure>
    <system-out><![CDATA[ Executing on FireFox
 Executing on CHROME
]]></system-out>
  </testcase>
  <testcase name="launchapp" classname="SeleniumIntegration.MavenDemo.DoTwitterPost" time="5.958">
    <failure message="Could not start a new session. Possible causes are invalid address of the remote server or browser start-up failure.&#10;Build info: version: &apos;2.45.0&apos;, revision: &apos;5017cb8e7ca8e37638dc3091b2440b90a1d8686f&apos;, time: &apos;2015-02-27 09:10:26&apos;&#10;System info: host: &apos;amit-PC&apos;, ip: &apos;192.168.0.3&apos;, os.name: &apos;Windows 7&apos;, os.arch: &apos;x86&apos;, os.version: &apos;6.1&apos;, java.version: &apos;1.8.0_45&apos;&#10;Driver info: driver.version: RemoteWebDriver" type="org.openqa.selenium.remote.UnreachableBrowserException"><![CDATA[org.openqa.selenium.remote.UnreachableBrowserException: Could not start a new session. Possible causes are invalid address of the remote server or browser start-up failure.
Build info: version: '2.45.0', revision: '5017cb8e7ca8e37638dc3091b2440b90a1d8686f', time: '2015-02-27 09:10:26'
System info: host: 'amit-PC', ip: '192.168.0.3', os.name: 'Windows 7', os.arch: 'x86', os.version: '6.1', java.version: '1.8.0_45'
Driver info: driver.version: RemoteWebDriver
	at java.net.DualStackPlainSocketImpl.waitForConnect(Native Method)
	at java.net.DualStackPlainSocketImpl.socketConnect(DualStackPlainSocketImpl.java:85)
	at java.net.AbstractPlainSocketImpl.doConnect(AbstractPlainSocketImpl.java:345)
	at java.net.AbstractPlainSocketImpl.connectToAddress(AbstractPlainSocketImpl.java:206)
	at java.net.AbstractPlainSocketImpl.connect(AbstractPlainSocketImpl.java:188)
	at java.net.PlainSocketImpl.connect(PlainSocketImpl.java:172)
	at java.net.SocksSocketImpl.connect(SocksSocketImpl.java:392)
	at java.net.Socket.connect(Socket.java:589)
	at org.apache.http.conn.socket.PlainConnectionSocketFactory.connectSocket(PlainConnectionSocketFactory.java:72)
	at org.apache.http.impl.conn.HttpClientConnectionOperator.connect(HttpClientConnectionOperator.java:125)
	at org.apache.http.impl.conn.PoolingHttpClientConnectionManager.connect(PoolingHttpClientConnectionManager.java:319)
	at org.apache.http.impl.execchain.MainClientExec.establishRoute(MainClientExec.java:363)
	at org.apache.http.impl.execchain.MainClientExec.execute(MainClientExec.java:219)
	at org.apache.http.impl.execchain.ProtocolExec.execute(ProtocolExec.java:195)
	at org.apache.http.impl.execchain.RetryExec.execute(RetryExec.java:86)
	at org.apache.http.impl.execchain.RedirectExec.execute(RedirectExec.java:108)
	at org.apache.http.impl.client.InternalHttpClient.doExecute(InternalHttpClient.java:184)
	at org.apache.http.impl.client.CloseableHttpClient.execute(CloseableHttpClient.java:72)
	at org.apache.http.impl.client.CloseableHttpClient.execute(CloseableHttpClient.java:57)
	at org.openqa.selenium.remote.internal.ApacheHttpClient.fallBackExecute(ApacheHttpClient.java:126)
	at org.openqa.selenium.remote.internal.ApacheHttpClient.execute(ApacheHttpClient.java:72)
	at org.openqa.selenium.remote.HttpCommandExecutor.execute(HttpCommandExecutor.java:133)
	at org.openqa.selenium.remote.RemoteWebDriver.execute(RemoteWebDriver.java:572)
	at org.openqa.selenium.remote.RemoteWebDriver.startSession(RemoteWebDriver.java:240)
	at org.openqa.selenium.remote.RemoteWebDriver.<init>(RemoteWebDriver.java:126)
	at org.openqa.selenium.remote.RemoteWebDriver.<init>(RemoteWebDriver.java:153)
	at SeleniumIntegration.MavenDemo.DoTwitterPost.launchapp(DoTwitterPost.java:53)
]]></failure>
  </testcase>
  <testcase name="LoginTest" classname="SeleniumIntegration.MavenDemo.DoTwitterPost" time="0">
    <skipped/>
    <system-out><![CDATA[There once was a speedy Hare who bragged about how fast he could run.
There once was a speedy Hare who bragged about how fast he could run.
Tired of hearing him boast, the Tortoise challenged him to a race.
All the animals in the forest gathered to watch.
Tired of hearing him boast, the Tortoise challenged him to a race.
The Hare ran down the road for a while and then and paused to rest.
All the animals in the forest gathered to watch.
The Hare ran down the road for a while and then and paused to rest.
He looked back at the tortoise and cried out
How do you expect to win this race when you are walking along at your slow, slow pace?
The Hare stretched himself out alongside the road and fell asleep, thinking
There is plenty of time to relax
The Tortoise walked and walked; never ever stopping until he came to the finish line.
The animals who were watching cheered so loudly for Tortoise
The Hare stretched and yawned and began to run again
Tortoise was already over the line.
SLOW AND STEADY WINS THE RACE
He looked back at the tortoise and cried out
How do you expect to win this race when you are walking along at your slow, slow pace?
The Hare stretched himself out alongside the road and fell asleep, thinking
There is plenty of time to relax
The Tortoise walked and walked; never ever stopping until he came to the finish line.
The animals who were watching cheered so loudly for Tortoise
]]></system-out>
  </testcase>
  <testcase name="LoginTest" classname="SeleniumIntegration.MavenDemo.DoTwitterPost" time="0">
    <skipped/>
    <system-out><![CDATA[The Hare stretched and yawned and began to run again
Tortoise was already over the line.
SLOW AND STEADY WINS THE RACE
]]></system-out>
  </testcase>
  <testcase name="LoginTest" classname="SeleniumIntegration.MavenDemo.DoTwitterPost" time="0">
    <skipped/>
  </testcase>
  <testcase name="LoginTest" classname="SeleniumIntegration.MavenDemo.DoTwitterPost" time="0">
    <skipped/>
  </testcase>
  <testcase name="LoginTest" classname="SeleniumIntegration.MavenDemo.DoTwitterPost" time="0">
    <skipped/>
  </testcase>
  <testcase name="LoginTest" classname="SeleniumIntegration.MavenDemo.DoTwitterPost" time="0">
    <skipped/>
  </testcase>
  <testcase name="LoginTest" classname="SeleniumIntegration.MavenDemo.DoTwitterPost" time="0">
    <skipped/>
  </testcase>
  <testcase name="LoginTest" classname="SeleniumIntegration.MavenDemo.DoTwitterPost" time="0">
    <skipped/>
  </testcase>
  <testcase name="LoginTest" classname="SeleniumIntegration.MavenDemo.DoTwitterPost" time="0">
    <skipped/>
  </testcase>
  <testcase name="LoginTest" classname="SeleniumIntegration.MavenDemo.DoTwitterPost" time="0">
    <skipped/>
  </testcase>
  <testcase name="LoginTest" classname="SeleniumIntegration.MavenDemo.DoTwitterPost" time="0">
    <skipped/>
  </testcase>
  <testcase name="LoginTest" classname="SeleniumIntegration.MavenDemo.DoTwitterPost" time="0">
    <skipped/>
  </testcase>
  <testcase name="LoginTest" classname="SeleniumIntegration.MavenDemo.DoTwitterPost" time="0">
    <skipped/>
  </testcase>
  <testcase name="LoginTest" classname="SeleniumIntegration.MavenDemo.DoTwitterPost" time="0">
    <skipped/>
  </testcase>
  <testcase name="LoginTest" classname="SeleniumIntegration.MavenDemo.DoTwitterPost" time="0">
    <skipped/>
  </testcase>
  <testcase name="LoginTest" classname="SeleniumIntegration.MavenDemo.DoTwitterPost" time="0">
    <skipped/>
  </testcase>
  <testcase name="LoginTest" classname="SeleniumIntegration.MavenDemo.DoTwitterPost" time="0">
    <skipped/>
  </testcase>
  <testcase name="LoginTest" classname="SeleniumIntegration.MavenDemo.DoTwitterPost" time="0">
    <skipped/>
  </testcase>
  <testcase name="LoginTest" classname="SeleniumIntegration.MavenDemo.DoTwitterPost" time="0">
    <skipped/>
  </testcase>
  <testcase name="LoginTest" classname="SeleniumIntegration.MavenDemo.DoTwitterPost" time="0">
    <skipped/>
  </testcase>
  <testcase name="LoginTest" classname="SeleniumIntegration.MavenDemo.DoTwitterPost" time="0">
    <skipped/>
  </testcase>
  <testcase name="LoginTest" classname="SeleniumIntegration.MavenDemo.DoTwitterPost" time="0">
    <skipped/>
  </testcase>
  <testcase name="LoginTest" classname="SeleniumIntegration.MavenDemo.DoTwitterPost" time="0">
    <skipped/>
  </testcase>
  <testcase name="LoginTest" classname="SeleniumIntegration.MavenDemo.DoTwitterPost" time="0">
    <skipped/>
  </testcase>
  <testcase name="LoginTest" classname="SeleniumIntegration.MavenDemo.DoTwitterPost" time="0">
    <skipped/>
  </testcase>
  <testcase name="LoginTest" classname="SeleniumIntegration.MavenDemo.DoTwitterPost" time="0">
    <skipped/>
  </testcase>
  <testcase name="LoginTest" classname="SeleniumIntegration.MavenDemo.DoTwitterPost" time="0">
    <skipped/>
  </testcase>
  <testcase name="LoginTest" classname="SeleniumIntegration.MavenDemo.DoTwitterPost" time="0">
    <skipped/>
  </testcase>
  <testcase name="terminatetest" classname="SeleniumIntegration.MavenDemo.DoTwitterPost" time="0">
    <skipped/>
  </testcase>
  <testcase name="terminatetest" classname="SeleniumIntegration.MavenDemo.DoTwitterPost" time="0">
    <skipped/>
  </testcase>
</testsuite>